<?xml version="1.0" encoding="UTF-8"?>
<!-- Generated by org.testng.reporters.JUnitReportReporter -->
<testsuite hostname="DESKTOP-LHGLLOV" failures="0" tests="1" name="Testpkg.Shopperstoptest" time="73.394" errors="0" timestamp="2024-02-14T21:04:22 GMT" skipped="0">
  <testcase classname="Testpkg.Shopperstoptest" name="test" time="73.394"/>
  <system-out/>
</testsuite> <!-- Testpkg.Shopperstoptest -->
